2025-09-05T00:53:50.519-0400 [ERROR] [com.android.build.gradle.internal.res.ResourceCompilerRunnable$Companion] C:\Users\kravh\.gradle\caches\8.13\transforms\2d89158c3a76992c66ee75901dcb32cc\transformed\jetified-play-services-base-18.5.0\res\values\values.xml:14:0: Failed to flatten XML for resource 'cmd_w_desc' with error: Invalid unicode escape sequence in string
"{str}"
2025-09-05T00:53:50.519-0400 [ERROR] [com.android.build.gradle.internal.res.ResourceCompilerRunnable$Companion] C:\Users\kravh\.gradle\caches\8.13\transforms\2d89158c3a76992c66ee75901dcb32cc\transformed\jetified-play-services-base-18.5.0\res\values\values.xml:14:0: string/cmd_w_desc does not contain a valid string resource.
2025-09-05T00:53:50.754-0400 [ERROR] [org.gradle.internal.buildevents.BuildExceptionReporter] 
2025-09-05T00:53:50.754-0400 [ERROR] [org.gradle.internal.buildevents.BuildExceptionReporter] FAILURE: Build failed with an exception.
2025-09-05T00:53:50.754-0400 [ERROR] [org.gradle.internal.buildevents.BuildExceptionReporter] 
2025-09-05T00:53:50.755-0400 [ERROR] [org.gradle.internal.buildevents.BuildExceptionReporter] * What went wrong:
2025-09-05T00:53:50.755-0400 [ERROR] [org.gradle.internal.buildevents.BuildExceptionReporter] Execution failed for task ':app:mergeDebugResources'.
2025-09-05T00:53:50.755-0400 [ERROR] [org.gradle.internal.buildevents.BuildExceptionReporter] > A failure occurred while executing com.android.build.gradle.internal.res.ResourceCompilerRunnable
2025-09-05T00:53:50.755-0400 [ERROR] [org.gradle.internal.buildevents.BuildExceptionReporter]    > Resource compilation failed (Failed to compile values resource
 file C:\Users\kravh\StudioProjects\bitchat-android\app\build\intermediates\incremental\debug\mergeDebugResources\merged.dir\values\values.xml. Cause: java.lang.IllegalStateException: Can not extract resource from com.android.aaptcompiler.ParsedResource@1f3a431e.). Check logs for more details.
2025-09-05T00:53:50.755-0400 [ERROR] [org.gradle.internal.buildevents.BuildExceptionReporter]
2025-09-05T00:53:50.755-0400 [ERROR] [org.gradle.internal.buildevents.BuildExceptionReporter] * Try:
2025-09-05T00:53:50.755-0400 [ERROR] [org.gradle.internal.buildevents.BuildExceptionReporter] > Run with --scan to get full insights.
2025-09-05T00:53:50.755-0400 [ERROR] [org.gradle.internal.buildevents.BuildExceptionReporter] > Get more help at https://help.gradle.org.
2025-09-05T00:53:50.755-0400 [ERROR] [org.gradle.internal.buildevents.BuildExceptionReporter]
2025-09-05T00:53:50.755-0400 [ERROR] [org.gradle.internal.buildevents.BuildExceptionReporter] * Exception is:
2025-09-05T00:53:50.755-0400 [ERROR] [org.gradle.internal.buildevents.BuildExceptionReporter] org.gradle.api.tasks.TaskExecutionException: Execution failed for task ':app:mergeDebugResources'.
2025-09-05T00:53:50.755-0400 [ERROR] [org.gradle.internal.buildevents.BuildExceptionReporter]   at org.gradle.api.internal.tasks.execution.ExecuteActionsTaskExecuter.lambda$executeIfValid$1(ExecuteActionsTaskExecuter.java:130)
2025-09-05T00:53:50.755-0400 [ERROR] [org.gradle.internal.buildevents.BuildExceptionReporter]   at org.gradle.internal.Try$Failure.ifSuccessfulOrElse(Try.java:293)
2025-09-05T00:53:50.755-0400 [ERROR] [org.gradle.internal.buildevents.BuildExceptionReporter]   at org.gradle.api.internal.tasks.execution.ExecuteActionsTaskExecuter.executeIfValid(ExecuteActionsTaskExecuter.java:128)
2025-09-05T00:53:50.755-0400 [ERROR] [org.gradle.internal.buildevents.BuildExceptionReporter]   at org.gradle.api.internal.tasks.execution.ExecuteActionsTaskExecuter.execute(ExecuteActionsTaskExecuter.java:116)
2025-09-05T00:53:50.755-0400 [ERROR] [org.gradle.internal.buildevents.BuildExceptionReporter]   at org.gradle.api.internal.tasks.execution.ProblemsTaskPathTrackingTaskExecuter.execute(ProblemsTaskPathTrackingTaskExecuter.java:40)
2025-09-05T00:53:50.756-0400 [ERROR] [org.gradle.internal.buildevents.BuildExceptionReporter]   at org.gradle.api.internal.tasks.execution.FinalizePropertiesTaskExecuter.execute(FinalizePropertiesTaskExecuter.java:46)
2025-09-05T00:53:50.756-0400 [ERROR] [org.gradle.internal.buildevents.BuildExceptionReporter]   at org.gradle.api.internal.tasks.execution.ResolveTaskExecutionModeExecuter.execute(ResolveTaskExecutionModeExecuter.java:51)
2025-09-05T00:53:50.756-0400 [ERROR] [org.gradle.internal.buildevents.BuildExceptionReporter]   at org.gradle.api.internal.tasks.execution.SkipTaskWithNoActionsExecuter.execute(SkipTaskWithNoActionsExecuter.java:57)
2025-09-05T00:53:50.756-0400 [ERROR] [org.gradle.internal.buildevents.BuildExceptionReporter]   at org.gradle.api.internal.tasks.execution.SkipOnlyIfTaskExecuter.execute(SkipOnlyIfTaskExecuter.java:74)
2025-09-05T00:53:50.756-0400 [ERROR] [org.gradle.internal.buildevents.BuildExceptionReporter]   at org.gradle.api.internal.tasks.execution.CatchExceptionTaskExecuter.execute(CatchExceptionTaskExecuter.java:36)
2025-09-05T00:53:50.756-0400 [ERROR] [org.gradle.internal.buildevents.BuildExceptionReporter]   at org.gradle.api.internal.tasks.execution.EventFiringTaskExecuter$1.executeTask(EventFiringTaskExecuter.java:77)
2025-09-05T00:53:50.756-0400 [ERROR] [org.gradle.internal.buildevents.BuildExceptionReporter]   at org.gradle.api.internal.tasks.execution.EventFiringTaskExecuter$1.call(EventFiringTaskExecuter.java:55)
2025-09-05T00:53:50.756-0400 [ERROR] [org.gradle.internal.buildevents.BuildExceptionReporter]   at org.gradle.api.internal.tasks.execution.EventFiringTaskExecuter$1.call(EventFiringTaskExecuter.java:52)
2025-09-05T00:53:50.756-0400 [ERROR] [org.gradle.internal.buildevents.BuildExceptionReporter]   at org.gradle.internal.operations.DefaultBuildOperationRunner$CallableBuildOperationWorker.execute(DefaultBuildOperationRunner.java:210)
2025-09-05T00:53:50.756-0400 [ERROR] [org.gradle.internal.buildevents.BuildExceptionReporter]   at org.gradle.internal.operations.DefaultBuildOperationRunner$CallableBuildOperationWorker.execute(DefaultBuildOperationRunner.java:205)
2025-09-05T00:53:50.756-0400 [ERROR] [org.gradle.internal.buildevents.BuildExceptionReporter]   at org.gradle.internal.operations.DefaultBuildOperationRunner$2.execute(DefaultBuildOperationRunner.java:67)
2025-09-05T00:53:50.756-0400 [ERROR] [org.gradle.internal.buildevents.BuildExceptionReporter]   at org.gradle.internal.operations.DefaultBuildOperationRunner$2.execute(DefaultBuildOperationRunner.java:60)
2025-09-05T00:53:50.756-0400 [ERROR] [org.gradle.internal.buildevents.BuildExceptionReporter]   at org.gradle.internal.operations.DefaultBuildOperationRunner.execute(DefaultBuildOperationRunner.java:167)
2025-09-05T00:53:50.756-0400 [ERROR] [org.gradle.internal.buildevents.BuildExceptionReporter]   at org.gradle.internal.operations.DefaultBuildOperationRunner.execute(DefaultBuildOperationRunner.java:60)
2025-09-05T00:53:50.756-0400 [ERROR] [org.gradle.internal.buildevents.BuildExceptionReporter]   at org.gradle.internal.operations.DefaultBuildOperationRunner.call(DefaultBuildOperationRunner.java:54)
2025-09-05T00:53:50.756-0400 [ERROR] [org.gradle.internal.buildevents.BuildExceptionReporter]   at org.gradle.api.internal.tasks.execution.EventFiringTaskExecuter.execute(EventFiringTaskExecuter.java:52)
2025-09-05T00:53:50.756-0400 [ERROR] [org.gradle.internal.buildevents.BuildExceptionReporter]   at org.gradle.execution.plan.LocalTaskNodeExecutor.execute(LocalTaskNodeExecutor.java:42)
2025-09-05T00:53:50.756-0400 [ERROR] [org.gradle.internal.buildevents.BuildExceptionReporter]   at org.gradle.execution.taskgraph.DefaultTaskExecutionGraph$InvokeNodeExecutorsAction.execute(DefaultTaskExecutionGraph.java:331)
2025-09-05T00:53:50.756-0400 [ERROR] [org.gradle.internal.buildevents.BuildExceptionReporter]   at org.gradle.execution.taskgraph.DefaultTaskExecutionGraph$InvokeNodeExecutorsAction.execute(DefaultTaskExecutionGraph.java:318)
2025-09-05T00:53:50.756-0400 [ERROR] [org.gradle.internal.buildevents.BuildExceptionReporter]   at org.gradle.execution.taskgraph.DefaultTaskExecutionGraph$BuildOperationAwareExecutionAction.lambda$execute$0(DefaultTaskExecutionGraph.java:314)
2025-09-05T00:53:50.756-0400 [ERROR] [org.gradle.internal.buildevents.BuildExceptionReporter]   at org.gradle.internal.operations.CurrentBuildOperationRef.with(CurrentBuildOperationRef.java:85)
2025-09-05T00:53:50.756-0400 [ERROR] [org.gradle.internal.buildevents.BuildExceptionReporter]   at org.gradle.execution.taskgraph.DefaultTaskExecutionGraph$BuildOperationAwareExecutionAction.execute(DefaultTaskExecutionGraph.java:314)
2025-09-05T00:53:50.756-0400 [ERROR] [org.gradle.internal.buildevents.BuildExceptionReporter]   at org.gradle.execution.taskgraph.DefaultTaskExecutionGraph$BuildOperationAwareExecutionAction.execute(DefaultTaskExecutionGraph.java:303)
2025-09-05T00:53:50.756-0400 [ERROR] [org.gradle.internal.buildevents.BuildExceptionReporter]   at org.gradle.execution.plan.DefaultPlanExecutor$ExecutorWorker.execute(DefaultPlanExecutor.java:459)
2025-09-05T00:53:50.756-0400 [ERROR] [org.gradle.internal.buildevents.BuildExceptionReporter]   at org.gradle.execution.plan.DefaultPlanExecutor$ExecutorWorker.run(DefaultPlanExecutor.java:376)
2025-09-05T00:53:50.756-0400 [ERROR] [org.gradle.internal.buildevents.BuildExceptionReporter]   at org.gradle.internal.concurrent.ExecutorPolicy$CatchAndRecordFailures.onExecute(ExecutorPolicy.java:64)
2025-09-05T00:53:50.757-0400 [ERROR] [org.gradle.internal.buildevents.BuildExceptionReporter]   at org.gradle.internal.concurrent.AbstractManagedExecutor$1.run(AbstractManagedExecutor.java:48)
2025-09-05T00:53:50.757-0400 [ERROR] [org.gradle.internal.buildevents.BuildExceptionReporter] Caused by: org.gradle.workers.internal.DefaultWorkerExecutor$WorkExecutionException: A failure occurred while executing com.android.build.gradle.internal.res.ResourceCompilerRunnable
2025-09-05T00:53:50.757-0400 [ERROR] [org.gradle.internal.buildevents.BuildExceptionReporter]   at org.gradle.workers.internal.DefaultWorkerExecutor$WorkItemExecution.waitForCompletion(DefaultWorkerExecutor.java:287)
2025-09-05T00:53:50.757-0400 [ERROR] [org.gradle.internal.buildevents.BuildExceptionReporter]   at org.gradle.internal.work.DefaultAsyncWorkTracker.lambda$waitForItemsAndGatherFailures$2(DefaultAsyncWorkTracker.java:130)
2025-09-05T00:53:50.757-0400 [ERROR] [org.gradle.internal.buildevents.BuildExceptionReporter]   at org.gradle.internal.Factories$1.create(Factories.java:31)     
2025-09-05T00:53:50.757-0400 [ERROR] [org.gradle.internal.buildevents.BuildExceptionReporter]   at org.gradle.internal.work.DefaultWorkerLeaseService.withoutLocks(DefaultWorkerLeaseService.java:335)
2025-09-05T00:53:50.757-0400 [ERROR] [org.gradle.internal.buildevents.BuildExceptionReporter]   at org.gradle.internal.work.DefaultWorkerLeaseService.withoutLocks(DefaultWorkerLeaseService.java:318)
2025-09-05T00:53:50.757-0400 [ERROR] [org.gradle.internal.buildevents.BuildExceptionReporter]   at org.gradle.internal.work.DefaultWorkerLeaseService.withoutLock(DefaultWorkerLeaseService.java:323)
2025-09-05T00:53:50.757-0400 [ERROR] [org.gradle.internal.buildevents.BuildExceptionReporter]   at org.gradle.internal.work.DefaultAsyncWorkTracker.waitForItemsAndGatherFailures(DefaultAsyncWorkTracker.java:126)
2025-09-05T00:53:50.757-0400 [ERROR] [org.gradle.internal.buildevents.BuildExceptionReporter]   at org.gradle.internal.work.DefaultAsyncWorkTracker.waitForItemsAndGatherFailures(DefaultAsyncWorkTracker.java:92)
2025-09-05T00:53:50.757-0400 [ERROR] [org.gradle.internal.buildevents.BuildExceptionReporter]   at org.gradle.internal.work.DefaultAsyncWorkTracker.waitForAll(DefaultAsyncWorkTracker.java:78)
2025-09-05T00:53:50.757-0400 [ERROR] [org.gradle.internal.buildevents.BuildExceptionReporter]   at org.gradle.internal.work.DefaultAsyncWorkTracker.waitForCompletion(DefaultAsyncWorkTracker.java:66)
2025-09-05T00:53:50.757-0400 [ERROR] [org.gradle.internal.buildevents.BuildExceptionReporter]   at org.gradle.api.internal.tasks.execution.TaskExecution$3.run(TaskExecution.java:252)
2025-09-05T00:53:50.757-0400 [ERROR] [org.gradle.internal.buildevents.BuildExceptionReporter]   at org.gradle.internal.operations.DefaultBuildOperationRunner$1.execute(DefaultBuildOperationRunner.java:30)
2025-09-05T00:53:50.757-0400 [ERROR] [org.gradle.internal.buildevents.BuildExceptionReporter]   at org.gradle.internal.operations.DefaultBuildOperationRunner$1.execute(DefaultBuildOperationRunner.java:27)
2025-09-05T00:53:50.757-0400 [ERROR] [org.gradle.internal.buildevents.BuildExceptionReporter]   at org.gradle.internal.operations.DefaultBuildOperationRunner$2.execute(DefaultBuildOperationRunner.java:67)
2025-09-05T00:53:50.757-0400 [ERROR] [org.gradle.internal.buildevents.BuildExceptionReporter]   at org.gradle.internal.operations.DefaultBuildOperationRunner$2.execute(DefaultBuildOperationRunner.java:60)
2025-09-05T00:53:50.757-0400 [ERROR] [org.gradle.internal.buildevents.BuildExceptionReporter]   at org.gradle.internal.operations.DefaultBuildOperationRunner.execute(DefaultBuildOperationRunner.java:167)
2025-09-05T00:53:50.757-0400 [ERROR] [org.gradle.internal.buildevents.BuildExceptionReporter]   at org.gradle.internal.operations.DefaultBuildOperationRunner.execute(DefaultBuildOperationRunner.java:60)
2025-09-05T00:53:50.757-0400 [ERROR] [org.gradle.internal.buildevents.BuildExceptionReporter]   at org.gradle.internal.operations.DefaultBuildOperationRunner.run(DefaultBuildOperationRunner.java:48)
2025-09-05T00:53:50.757-0400 [ERROR] [org.gradle.internal.buildevents.BuildExceptionReporter]   at org.gradle.api.internal.tasks.execution.TaskExecution.executeAction(TaskExecution.java:229)
2025-09-05T00:53:50.757-0400 [ERROR] [org.gradle.internal.buildevents.BuildExceptionReporter]   at org.gradle.api.internal.tasks.execution.TaskExecution.executeActions(TaskExecution.java:212)
2025-09-05T00:53:50.757-0400 [ERROR] [org.gradle.internal.buildevents.BuildExceptionReporter]   at org.gradle.api.internal.tasks.execution.TaskExecution.executeWithPreviousOutputFiles(TaskExecution.java:195)
2025-09-05T00:53:50.757-0400 [ERROR] [org.gradle.internal.buildevents.BuildExceptionReporter]   at org.gradle.api.internal.tasks.execution.TaskExecution.execute(TaskExecution.java:162)
2025-09-05T00:53:50.757-0400 [ERROR] [org.gradle.internal.buildevents.BuildExceptionReporter]   at org.gradle.internal.execution.steps.ExecuteStep.executeInternal(ExecuteStep.java:105)
2025-09-05T00:53:50.757-0400 [ERROR] [org.gradle.internal.buildevents.BuildExceptionReporter]   at org.gradle.internal.execution.steps.ExecuteStep.access$000(ExecuteStep.java:44)
2025-09-05T00:53:50.757-0400 [ERROR] [org.gradle.internal.buildevents.BuildExceptionReporter]   at org.gradle.internal.execution.steps.ExecuteStep$1.call(ExecuteStep.java:59)
2025-09-05T00:53:50.758-0400 [ERROR] [org.gradle.internal.buildevents.BuildExceptionReporter]   at org.gradle.internal.execution.steps.ExecuteStep$1.call(ExecuteStep.java:56)
2025-09-05T00:53:50.758-0400 [ERROR] [org.gradle.internal.buildevents.BuildExceptionReporter]   at org.gradle.internal.operations.DefaultBuildOperationRunner$CallableBuildOperationWorker.execute(DefaultBuildOperationRunner.java:210)
2025-09-05T00:53:50.758-0400 [ERROR] [org.gradle.internal.buildevents.BuildExceptionReporter]   at org.gradle.internal.operations.DefaultBuildOperationRunner$CallableBuildOperationWorker.execute(DefaultBuildOperationRunner.java:205)
2025-09-05T00:53:50.758-0400 [ERROR] [org.gradle.internal.buildevents.BuildExceptionReporter]   at org.gradle.internal.operations.DefaultBuildOperationRunner$2.execute(DefaultBuildOperationRunner.java:67)
2025-09-05T00:53:50.758-0400 [ERROR] [org.gradle.internal.buildevents.BuildExceptionReporter]   at org.gradle.internal.operations.DefaultBuildOperationRunner$2.execute(DefaultBuildOperationRunner.java:60)
2025-09-05T00:53:50.758-0400 [ERROR] [org.gradle.internal.buildevents.BuildExceptionReporter]   at org.gradle.internal.operations.DefaultBuildOperationRunner.execute(DefaultBuildOperationRunner.java:167)
2025-09-05T00:53:50.758-0400 [ERROR] [org.gradle.internal.buildevents.BuildExceptionReporter]   at org.gradle.internal.operations.DefaultBuildOperationRunner.execute(DefaultBuildOperationRunner.java:60)
2025-09-05T00:53:50.758-0400 [ERROR] [org.gradle.internal.buildevents.BuildExceptionReporter]   at org.gradle.internal.operations.DefaultBuildOperationRunner.call(DefaultBuildOperationRunner.java:54)
2025-09-05T00:53:50.758-0400 [ERROR] [org.gradle.internal.buildevents.BuildExceptionReporter]   at org.gradle.internal.execution.steps.ExecuteStep.execute(ExecuteStep.java:56)
2025-09-05T00:53:50.758-0400 [ERROR] [org.gradle.internal.buildevents.BuildExceptionReporter]   at org.gradle.internal.execution.steps.ExecuteStep.execute(ExecuteStep.java:44)
2025-09-05T00:53:50.758-0400 [ERROR] [org.gradle.internal.buildevents.BuildExceptionReporter]   at org.gradle.internal.execution.steps.CancelExecutionStep.execute(CancelExecutionStep.java:42)
2025-09-05T00:53:50.758-0400 [ERROR] [org.gradle.internal.buildevents.BuildExceptionReporter]   at org.gradle.internal.execution.steps.TimeoutStep.executeWithoutTimeout(TimeoutStep.java:75)
2025-09-05T00:53:50.758-0400 [ERROR] [org.gradle.internal.buildevents.BuildExceptionReporter]   at org.gradle.internal.execution.steps.TimeoutStep.execute(TimeoutStep.java:55)
2025-09-05T00:53:50.758-0400 [ERROR] [org.gradle.internal.buildevents.BuildExceptionReporter]   at org.gradle.internal.execution.steps.PreCreateOutputParentsStep.execute(PreCreateOutputParentsStep.java:50)
2025-09-05T00:53:50.758-0400 [ERROR] [org.gradle.internal.buildevents.BuildExceptionReporter]   at org.gradle.internal.execution.steps.PreCreateOutputParentsStep.execute(PreCreateOutputParentsStep.java:28)
2025-09-05T00:53:50.758-0400 [ERROR] [org.gradle.internal.buildevents.BuildExceptionReporter]   at org.gradle.internal.execution.steps.RemovePreviousOutputsStep.execute(RemovePreviousOutputsStep.java:67)
2025-09-05T00:53:50.758-0400 [ERROR] [org.gradle.internal.buildevents.BuildExceptionReporter]   at org.gradle.internal.execution.steps.RemovePreviousOutputsStep.execute(RemovePreviousOutputsStep.java:37)
2025-09-05T00:53:50.758-0400 [ERROR] [org.gradle.internal.buildevents.BuildExceptionReporter]   at org.gradle.internal.execution.steps.BroadcastChangingOutputsStep.execute(BroadcastChangingOutputsStep.java:61)
2025-09-05T00:53:50.758-0400 [ERROR] [org.gradle.internal.buildevents.BuildExceptionReporter]   at org.gradle.internal.execution.steps.BroadcastChangingOutputsStep.execute(BroadcastChangingOutputsStep.java:26)
2025-09-05T00:53:50.758-0400 [ERROR] [org.gradle.internal.buildevents.BuildExceptionReporter]   at org.gradle.internal.execution.steps.CaptureOutputsAfterExecutionStep.execute(CaptureOutputsAfterExecutionStep.java:69)
2025-09-05T00:53:50.758-0400 [ERROR] [org.gradle.internal.buildevents.BuildExceptionReporter]   at org.gradle.internal.execution.steps.CaptureOutputsAfterExecutionStep.execute(CaptureOutputsAfterExecutionStep.java:46)
2025-09-05T00:53:50.758-0400 [ERROR] [org.gradle.internal.buildevents.BuildExceptionReporter]   at org.gradle.internal.execution.steps.ResolveInputChangesStep.execute(ResolveInputChangesStep.java:40)
2025-09-05T00:53:50.758-0400 [ERROR] [org.gradle.internal.buildevents.BuildExceptionReporter]   at org.gradle.internal.execution.steps.ResolveInputChangesStep.execute(ResolveInputChangesStep.java:29)
2025-09-05T00:53:50.758-0400 [ERROR] [org.gradle.internal.buildevents.BuildExceptionReporter]   at org.gradle.internal.execution.steps.BuildCacheStep.executeWithoutCache(BuildCacheStep.java:189)
2025-09-05T00:53:50.758-0400 [ERROR] [org.gradle.internal.buildevents.BuildExceptionReporter]   at org.gradle.internal.execution.steps.BuildCacheStep.lambda$execute$1(BuildCacheStep.java:75)
2025-09-05T00:53:50.758-0400 [ERROR] [org.gradle.internal.buildevents.BuildExceptionReporter]   at org.gradle.internal.Either$Right.fold(Either.java:175)        
2025-09-05T00:53:50.759-0400 [ERROR] [org.gradle.internal.buildevents.BuildExceptionReporter]   at org.gradle.internal.execution.caching.CachingState.fold(CachingState.java:62)
2025-09-05T00:53:50.759-0400 [ERROR] [org.gradle.internal.buildevents.BuildExceptionReporter]   at org.gradle.internal.execution.steps.BuildCacheStep.execute(BuildCacheStep.java:73)
2025-09-05T00:53:50.759-0400 [ERROR] [org.gradle.internal.buildevents.BuildExceptionReporter]   at org.gradle.internal.execution.steps.BuildCacheStep.execute(BuildCacheStep.java:48)
2025-09-05T00:53:50.759-0400 [ERROR] [org.gradle.internal.buildevents.BuildExceptionReporter]   at org.gradle.internal.execution.steps.StoreExecutionStateStep.execute(StoreExecutionStateStep.java:46)
2025-09-05T00:53:50.759-0400 [ERROR] [org.gradle.internal.buildevents.BuildExceptionReporter]   at org.gradle.internal.execution.steps.StoreExecutionStateStep.execute(StoreExecutionStateStep.java:35)
2025-09-05T00:53:50.759-0400 [ERROR] [org.gradle.internal.buildevents.BuildExceptionReporter]   at org.gradle.internal.execution.steps.SkipUpToDateStep.executeBecause(SkipUpToDateStep.java:75)
2025-09-05T00:53:50.759-0400 [ERROR] [org.gradle.internal.buildevents.BuildExceptionReporter]   at org.gradle.internal.execution.steps.SkipUpToDateStep.lambda$execute$2(SkipUpToDateStep.java:53)
2025-09-05T00:53:50.759-0400 [ERROR] [org.gradle.internal.buildevents.BuildExceptionReporter]   at org.gradle.internal.execution.steps.SkipUpToDateStep.execute(SkipUpToDateStep.java:53)
2025-09-05T00:53:50.759-0400 [ERROR] [org.gradle.internal.buildevents.BuildExceptionReporter]   at org.gradle.internal.execution.steps.SkipUpToDateStep.execute(SkipUpToDateStep.java:35)
2025-09-05T00:53:50.759-0400 [ERROR] [org.gradle.internal.buildevents.BuildExceptionReporter]   at org.gradle.internal.execution.steps.legacy.MarkSnapshottingInputsFinishedStep.execute(MarkSnapshottingInputsFinishedStep.java:37)
2025-09-05T00:53:50.759-0400 [ERROR] [org.gradle.internal.buildevents.BuildExceptionReporter]   at org.gradle.internal.execution.steps.legacy.MarkSnapshottingInputsFinishedStep.execute(MarkSnapshottingInputsFinishedStep.java:27)
2025-09-05T00:53:50.759-0400 [ERROR] [org.gradle.internal.buildevents.BuildExceptionReporter]   at org.gradle.internal.execution.steps.ResolveIncrementalCachingStateStep.executeDelegate(ResolveIncrementalCachingStateStep.java:49)
2025-09-05T00:53:50.759-0400 [ERROR] [org.gradle.internal.buildevents.BuildExceptionReporter]   at org.gradle.internal.execution.steps.ResolveIncrementalCachingStateStep.executeDelegate(ResolveIncrementalCachingStateStep.java:27)
2025-09-05T00:53:50.759-0400 [ERROR] [org.gradle.internal.buildevents.BuildExceptionReporter]   at org.gradle.internal.execution.steps.AbstractResolveCachingStateStep.execute(AbstractResolveCachingStateStep.java:71)
2025-09-05T00:53:50.759-0400 [ERROR] [org.gradle.internal.buildevents.BuildExceptionReporter]   at org.gradle.internal.execution.steps.AbstractResolveCachingStateStep.execute(AbstractResolveCachingStateStep.java:39)
2025-09-05T00:53:50.759-0400 [ERROR] [org.gradle.internal.buildevents.BuildExceptionReporter]   at org.gradle.internal.execution.steps.ResolveChangesStep.execute(ResolveChangesStep.java:65)
2025-09-05T00:53:50.759-0400 [ERROR] [org.gradle.internal.buildevents.BuildExceptionReporter]   at org.gradle.internal.execution.steps.ResolveChangesStep.execute(ResolveChangesStep.java:36)
2025-09-05T00:53:50.759-0400 [ERROR] [org.gradle.internal.buildevents.BuildExceptionReporter]   at org.gradle.internal.execution.steps.ValidateStep.execute(ValidateStep.java:107)
2025-09-05T00:53:50.759-0400 [ERROR] [org.gradle.internal.buildevents.BuildExceptionReporter]   at org.gradle.internal.execution.steps.ValidateStep.execute(ValidateStep.java:56)
2025-09-05T00:53:50.759-0400 [ERROR] [org.gradle.internal.buildevents.BuildExceptionReporter]   at org.gradle.internal.execution.steps.AbstractCaptureStateBeforeExecutionStep.execute(AbstractCaptureStateBeforeExecutionStep.java:64)
2025-09-05T00:53:50.759-0400 [ERROR] [org.gradle.internal.buildevents.BuildExceptionReporter]   at org.gradle.internal.execution.steps.AbstractCaptureStateBeforeExecutionStep.execute(AbstractCaptureStateBeforeExecutionStep.java:43)
2025-09-05T00:53:50.759-0400 [ERROR] [org.gradle.internal.buildevents.BuildExceptionReporter]   at org.gradle.internal.execution.steps.AbstractSkipEmptyWorkStep.executeWithNonEmptySources(AbstractSkipEmptyWorkStep.java:125)
2025-09-05T00:53:50.759-0400 [ERROR] [org.gradle.internal.buildevents.BuildExceptionReporter]   at org.gradle.internal.execution.steps.AbstractSkipEmptyWorkStep.execute(AbstractSkipEmptyWorkStep.java:56)
2025-09-05T00:53:50.759-0400 [ERROR] [org.gradle.internal.buildevents.BuildExceptionReporter]   at org.gradle.internal.execution.steps.AbstractSkipEmptyWorkStep.execute(AbstractSkipEmptyWorkStep.java:36)
2025-09-05T00:53:50.759-0400 [ERROR] [org.gradle.internal.buildevents.BuildExceptionReporter]   at org.gradle.internal.execution.steps.legacy.MarkSnapshottingInputsStartedStep.execute(MarkSnapshottingInputsStartedStep.java:38)
2025-09-05T00:53:50.759-0400 [ERROR] [org.gradle.internal.buildevents.BuildExceptionReporter]   at org.gradle.internal.execution.steps.LoadPreviousExecutionStateStep.execute(LoadPreviousExecutionStateStep.java:36)
2025-09-05T00:53:50.759-0400 [ERROR] [org.gradle.internal.buildevents.BuildExceptionReporter]   at org.gradle.internal.execution.steps.LoadPreviousExecutionStateStep.execute(LoadPreviousExecutionStateStep.java:23)
2025-09-05T00:53:50.759-0400 [ERROR] [org.gradle.internal.buildevents.BuildExceptionReporter]   at org.gradle.internal.execution.steps.HandleStaleOutputsStep.execute(HandleStaleOutputsStep.java:75)
2025-09-05T00:53:50.759-0400 [ERROR] [org.gradle.internal.buildevents.BuildExceptionReporter]   at org.gradle.internal.execution.steps.HandleStaleOutputsStep.execute(HandleStaleOutputsStep.java:41)
2025-09-05T00:53:50.759-0400 [ERROR] [org.gradle.internal.buildevents.BuildExceptionReporter]   at org.gradle.internal.execution.steps.AssignMutableWorkspaceStep.lambda$execute$0(AssignMutableWorkspaceStep.java:35)
2025-09-05T00:53:50.759-0400 [ERROR] [org.gradle.internal.buildevents.BuildExceptionReporter]   at org.gradle.api.internal.tasks.execution.TaskExecution$4.withWorkspace(TaskExecution.java:289)
2025-09-05T00:53:50.759-0400 [ERROR] [org.gradle.internal.buildevents.BuildExceptionReporter]   at org.gradle.internal.execution.steps.AssignMutableWorkspaceStep.execute(AssignMutableWorkspaceStep.java:31)
2025-09-05T00:53:50.759-0400 [ERROR] [org.gradle.internal.buildevents.BuildExceptionReporter]   at org.gradle.internal.execution.steps.AssignMutableWorkspaceStep.execute(AssignMutableWorkspaceStep.java:22)
2025-09-05T00:53:50.759-0400 [ERROR] [org.gradle.internal.buildevents.BuildExceptionReporter]   at org.gradle.internal.execution.steps.ChoosePipelineStep.execute(ChoosePipelineStep.java:40)
2025-09-05T00:53:50.760-0400 [ERROR] [org.gradle.internal.buildevents.BuildExceptionReporter]   at org.gradle.internal.execution.steps.ChoosePipelineStep.execute(ChoosePipelineStep.java:23)
2025-09-05T00:53:50.760-0400 [ERROR] [org.gradle.internal.buildevents.BuildExceptionReporter]   at org.gradle.internal.execution.steps.ExecuteWorkBuildOperationFiringStep.lambda$execute$2(ExecuteWorkBuildOperationFiringStep.java:67)
2025-09-05T00:53:50.760-0400 [ERROR] [org.gradle.internal.buildevents.BuildExceptionReporter]   at org.gradle.internal.execution.steps.ExecuteWorkBuildOperationFiringStep.execute(ExecuteWorkBuildOperationFiringStep.java:67)
2025-09-05T00:53:50.760-0400 [ERROR] [org.gradle.internal.buildevents.BuildExceptionReporter]   at org.gradle.internal.execution.steps.ExecuteWorkBuildOperationFiringStep.execute(ExecuteWorkBuildOperationFiringStep.java:39)
2025-09-05T00:53:50.760-0400 [ERROR] [org.gradle.internal.buildevents.BuildExceptionReporter]   at org.gradle.internal.execution.steps.IdentityCacheStep.execute(IdentityCacheStep.java:46)
2025-09-05T00:53:50.760-0400 [ERROR] [org.gradle.internal.buildevents.BuildExceptionReporter]   at org.gradle.internal.execution.steps.IdentityCacheStep.execute(IdentityCacheStep.java:34)
2025-09-05T00:53:50.760-0400 [ERROR] [org.gradle.internal.buildevents.BuildExceptionReporter]   at org.gradle.internal.execution.steps.IdentifyStep.execute(IdentifyStep.java:48)
2025-09-05T00:53:50.760-0400 [ERROR] [org.gradle.internal.buildevents.BuildExceptionReporter]   at org.gradle.internal.execution.steps.IdentifyStep.execute(IdentifyStep.java:35)
2025-09-05T00:53:50.760-0400 [ERROR] [org.gradle.internal.buildevents.BuildExceptionReporter]   at org.gradle.internal.execution.impl.DefaultExecutionEngine$1.execute(DefaultExecutionEngine.java:61)
2025-09-05T00:53:50.760-0400 [ERROR] [org.gradle.internal.buildevents.BuildExceptionReporter]   at org.gradle.api.internal.tasks.execution.ExecuteActionsTaskExecuter.executeIfValid(ExecuteActionsTaskExecuter.java:127)
2025-09-05T00:53:50.760-0400 [ERROR] [org.gradle.internal.buildevents.BuildExceptionReporter]   at org.gradle.api.internal.tasks.execution.ExecuteActionsTaskExecuter.execute(ExecuteActionsTaskExecuter.java:116)
2025-09-05T00:53:50.760-0400 [ERROR] [org.gradle.internal.buildevents.BuildExceptionReporter]   at org.gradle.api.internal.tasks.execution.ProblemsTaskPathTrackingTaskExecuter.execute(ProblemsTaskPathTrackingTaskExecuter.java:40)
2025-09-05T00:53:50.760-0400 [ERROR] [org.gradle.internal.buildevents.BuildExceptionReporter]   at org.gradle.api.internal.tasks.execution.FinalizePropertiesTaskExecuter.execute(FinalizePropertiesTaskExecuter.java:46)
2025-09-05T00:53:50.760-0400 [ERROR] [org.gradle.internal.buildevents.BuildExceptionReporter]   at org.gradle.api.internal.tasks.execution.ResolveTaskExecutionModeExecuter.execute(ResolveTaskExecutionModeExecuter.java:51)
2025-09-05T00:53:50.760-0400 [ERROR] [org.gradle.internal.buildevents.BuildExceptionReporter]   at org.gradle.api.internal.tasks.execution.SkipTaskWithNoActionsExecuter.execute(SkipTaskWithNoActionsExecuter.java:57)
2025-09-05T00:53:50.760-0400 [ERROR] [org.gradle.internal.buildevents.BuildExceptionReporter]   at org.gradle.api.internal.tasks.execution.SkipOnlyIfTaskExecuter.execute(SkipOnlyIfTaskExecuter.java:74)
2025-09-05T00:53:50.760-0400 [ERROR] [org.gradle.internal.buildevents.BuildExceptionReporter]   at org.gradle.api.internal.tasks.execution.CatchExceptionTaskExecuter.execute(CatchExceptionTaskExecuter.java:36)
2025-09-05T00:53:50.760-0400 [ERROR] [org.gradle.internal.buildevents.BuildExceptionReporter]   at org.gradle.api.internal.tasks.execution.EventFiringTaskExecuter$1.executeTask(EventFiringTaskExecuter.java:77)
2025-09-05T00:53:50.760-0400 [ERROR] [org.gradle.internal.buildevents.BuildExceptionReporter]   at org.gradle.api.internal.tasks.execution.EventFiringTaskExecuter$1.call(EventFiringTaskExecuter.java:55)
2025-09-05T00:53:50.760-0400 [ERROR] [org.gradle.internal.buildevents.BuildExceptionReporter]   at org.gradle.api.internal.tasks.execution.EventFiringTaskExecuter$1.call(EventFiringTaskExecuter.java:52)
2025-09-05T00:53:50.760-0400 [ERROR] [org.gradle.internal.buildevents.BuildExceptionReporter]   at org.gradle.internal.operations.DefaultBuildOperationRunner$CallableBuildOperationWorker.execute(DefaultBuildOperationRunner.java:210)
2025-09-05T00:53:50.760-0400 [ERROR] [org.gradle.internal.buildevents.BuildExceptionReporter]   at org.gradle.internal.operations.DefaultBuildOperationRunner$CallableBuildOperationWorker.execute(DefaultBuildOperationRunner.java:205)
2025-09-05T00:53:50.760-0400 [ERROR] [org.gradle.internal.buildevents.BuildExceptionReporter]   at org.gradle.internal.operations.DefaultBuildOperationRunner$2.execute(DefaultBuildOperationRunner.java:67)
2025-09-05T00:53:50.760-0400 [ERROR] [org.gradle.internal.buildevents.BuildExceptionReporter]   at org.gradle.internal.operations.DefaultBuildOperationRunner$2.execute(DefaultBuildOperationRunner.java:60)
2025-09-05T00:53:50.760-0400 [ERROR] [org.gradle.internal.buildevents.BuildExceptionReporter]   at org.gradle.internal.operations.DefaultBuildOperationRunner.execute(DefaultBuildOperationRunner.java:167)
2025-09-05T00:53:50.761-0400 [ERROR] [org.gradle.internal.buildevents.BuildExceptionReporter]   at org.gradle.internal.operations.DefaultBuildOperationRunner.execute(DefaultBuildOperationRunner.java:60)
2025-09-05T00:53:50.761-0400 [ERROR] [org.gradle.internal.buildevents.BuildExceptionReporter]   at org.gradle.internal.operations.DefaultBuildOperationRunner.call(DefaultBuildOperationRunner.java:54)
2025-09-05T00:53:50.761-0400 [ERROR] [org.gradle.internal.buildevents.BuildExceptionReporter]   at org.gradle.api.internal.tasks.execution.EventFiringTaskExecuter.execute(EventFiringTaskExecuter.java:52)
2025-09-05T00:53:50.761-0400 [ERROR] [org.gradle.internal.buildevents.BuildExceptionReporter]   at org.gradle.execution.plan.LocalTaskNodeExecutor.execute(LocalTaskNodeExecutor.java:42)
2025-09-05T00:53:50.761-0400 [ERROR] [org.gradle.internal.buildevents.BuildExceptionReporter]   at org.gradle.execution.taskgraph.DefaultTaskExecutionGraph$InvokeNodeExecutorsAction.execute(DefaultTaskExecutionGraph.java:331)
2025-09-05T00:53:50.761-0400 [ERROR] [org.gradle.internal.buildevents.BuildExceptionReporter]   at org.gradle.execution.taskgraph.DefaultTaskExecutionGraph$InvokeNodeExecutorsAction.execute(DefaultTaskExecutionGraph.java:318)
2025-09-05T00:53:50.761-0400 [ERROR] [org.gradle.internal.buildevents.BuildExceptionReporter]   at org.gradle.execution.taskgraph.DefaultTaskExecutionGraph$BuildOperationAwareExecutionAction.lambda$execute$0(DefaultTaskExecutionGraph.java:314)
2025-09-05T00:53:50.761-0400 [ERROR] [org.gradle.internal.buildevents.BuildExceptionReporter]   at org.gradle.internal.operations.CurrentBuildOperationRef.with(CurrentBuildOperationRef.java:85)
2025-09-05T00:53:50.761-0400 [ERROR] [org.gradle.internal.buildevents.BuildExceptionReporter]   at org.gradle.execution.taskgraph.DefaultTaskExecutionGraph$BuildOperationAwareExecutionAction.execute(DefaultTaskExecutionGraph.java:314)
2025-09-05T00:53:50.761-0400 [ERROR] [org.gradle.internal.buildevents.BuildExceptionReporter]   at org.gradle.execution.taskgraph.DefaultTaskExecutionGraph$BuildOperationAwareExecutionAction.execute(DefaultTaskExecutionGraph.java:303)
2025-09-05T00:53:50.761-0400 [ERROR] [org.gradle.internal.buildevents.BuildExceptionReporter]   at org.gradle.execution.plan.DefaultPlanExecutor$ExecutorWorker.execute(DefaultPlanExecutor.java:459)
2025-09-05T00:53:50.761-0400 [ERROR] [org.gradle.internal.buildevents.BuildExceptionReporter]   at org.gradle.execution.plan.DefaultPlanExecutor$ExecutorWorker.run(DefaultPlanExecutor.java:376)
2025-09-05T00:53:50.761-0400 [ERROR] [org.gradle.internal.buildevents.BuildExceptionReporter]   at org.gradle.internal.concurrent.ExecutorPolicy$CatchAndRecordFailures.onExecute(ExecutorPolicy.java:64)
2025-09-05T00:53:50.761-0400 [ERROR] [org.gradle.internal.buildevents.BuildExceptionReporter]   at org.gradle.internal.concurrent.AbstractManagedExecutor$1.run(AbstractManagedExecutor.java:48)
2025-09-05T00:53:50.761-0400 [ERROR] [org.gradle.internal.buildevents.BuildExceptionReporter] Caused by: com.android.aaptcompiler.ResourceCompilationException: R
esource compilation failed (Failed to compile values resource file C:\Users\kravh\StudioProjects\bitchat-android\app\build\intermediates\incremental\debug\mergeD
ebugResources\merged.dir\values\values.xml. Cause: java.lang.IllegalStateException: Can not extract resource from com.android.aaptcompiler.ParsedResource@1f3a431e.). Check logs for more details.
2025-09-05T00:53:50.761-0400 [ERROR] [org.gradle.internal.buildevents.BuildExceptionReporter]   at com.android.aaptcompiler.ResourceCompiler.compileResource(ResourceCompiler.kt:129)
2025-09-05T00:53:50.761-0400 [ERROR] [org.gradle.internal.buildevents.BuildExceptionReporter]   at com.android.build.gradle.internal.res.ResourceCompilerRunnable$Companion.compileSingleResource(ResourceCompilerRunnable.kt:34)
2025-09-05T00:53:50.761-0400 [ERROR] [org.gradle.internal.buildevents.BuildExceptionReporter]   at com.android.build.gradle.internal.res.ResourceCompilerRunnable.run(ResourceCompilerRunnable.kt:15)
2025-09-05T00:53:50.761-0400 [ERROR] [org.gradle.internal.buildevents.BuildExceptionReporter]   at com.android.build.gradle.internal.profile.ProfileAwareWorkAction.execute(ProfileAwareWorkAction.kt:74)
2025-09-05T00:53:50.761-0400 [ERROR] [org.gradle.internal.buildevents.BuildExceptionReporter]   at org.gradle.workers.internal.DefaultWorkerServer.execute(DefaultWorkerServer.java:63)
2025-09-05T00:53:50.762-0400 [ERROR] [org.gradle.internal.buildevents.BuildExceptionReporter]   at org.gradle.workers.internal.NoIsolationWorkerFactory$1$1.create(NoIsolationWorkerFactory.java:66)
2025-09-05T00:53:50.762-0400 [ERROR] [org.gradle.internal.buildevents.BuildExceptionReporter]   at org.gradle.workers.internal.NoIsolationWorkerFactory$1$1.create(NoIsolationWorkerFactory.java:62)
2025-09-05T00:53:50.762-0400 [ERROR] [org.gradle.internal.buildevents.BuildExceptionReporter]   at org.gradle.internal.classloader.ClassLoaderUtils.executeInClassloader(ClassLoaderUtils.java:100)
2025-09-05T00:53:50.762-0400 [ERROR] [org.gradle.internal.buildevents.BuildExceptionReporter]   at org.gradle.workers.internal.NoIsolationWorkerFactory$1.lambda$execute$0(NoIsolationWorkerFactory.java:62)
2025-09-05T00:53:50.762-0400 [ERROR] [org.gradle.internal.buildevents.BuildExceptionReporter]   at org.gradle.workers.internal.AbstractWorker$1.call(AbstractWorker.java:44)
2025-09-05T00:53:50.762-0400 [ERROR] [org.gradle.internal.buildevents.BuildExceptionReporter]   at org.gradle.workers.internal.AbstractWorker$1.call(AbstractWorker.java:41)
2025-09-05T00:53:50.762-0400 [ERROR] [org.gradle.internal.buildevents.BuildExceptionReporter]   at org.gradle.internal.operations.DefaultBuildOperationRunner$CallableBuildOperationWorker.execute(DefaultBuildOperationRunner.java:210)
2025-09-05T00:53:50.762-0400 [ERROR] [org.gradle.internal.buildevents.BuildExceptionReporter]   at org.gradle.internal.operations.DefaultBuildOperationRunner$CallableBuildOperationWorker.execute(DefaultBuildOperationRunner.java:205)
2025-09-05T00:53:50.762-0400 [ERROR] [org.gradle.internal.buildevents.BuildExceptionReporter]   at org.gradle.internal.operations.DefaultBuildOperationRunner$2.execute(DefaultBuildOperationRunner.java:67)
2025-09-05T00:53:50.762-0400 [ERROR] [org.gradle.internal.buildevents.BuildExceptionReporter]   at org.gradle.internal.operations.DefaultBuildOperationRunner$2.execute(DefaultBuildOperationRunner.java:60)
2025-09-05T00:53:50.762-0400 [ERROR] [org.gradle.internal.buildevents.BuildExceptionReporter]   at org.gradle.internal.operations.DefaultBuildOperationRunner.execute(DefaultBuildOperationRunner.java:167)
2025-09-05T00:53:50.762-0400 [ERROR] [org.gradle.internal.buildevents.BuildExceptionReporter]   at org.gradle.internal.operations.DefaultBuildOperationRunner.execute(DefaultBuildOperationRunner.java:60)
2025-09-05T00:53:50.762-0400 [ERROR] [org.gradle.internal.buildevents.BuildExceptionReporter]   at org.gradle.internal.operations.DefaultBuildOperationRunner.call(DefaultBuildOperationRunner.java:54)
2025-09-05T00:53:50.762-0400 [ERROR] [org.gradle.internal.buildevents.BuildExceptionReporter]   at org.gradle.workers.internal.AbstractWorker.executeWrappedInBuildOperation(AbstractWorker.java:41)
2025-09-05T00:53:50.762-0400 [ERROR] [org.gradle.internal.buildevents.BuildExceptionReporter]   at org.gradle.workers.internal.NoIsolationWorkerFactory$1.execute(NoIsolationWorkerFactory.java:59)
2025-09-05T00:53:50.762-0400 [ERROR] [org.gradle.internal.buildevents.BuildExceptionReporter]   at org.gradle.workers.internal.DefaultWorkerExecutor.lambda$submitWork$0(DefaultWorkerExecutor.java:174)
2025-09-05T00:53:50.762-0400 [ERROR] [org.gradle.internal.buildevents.BuildExceptionReporter]   at org.gradle.internal.work.DefaultConditionalExecutionQueue$ExecutionRunner.runExecution(DefaultConditionalExecutionQueue.java:194)
2025-09-05T00:53:50.762-0400 [ERROR] [org.gradle.internal.buildevents.BuildExceptionReporter]   at org.gradle.internal.work.DefaultConditionalExecutionQueue$ExecutionRunner.access$700(DefaultConditionalExecutionQueue.java:127)
2025-09-05T00:53:50.762-0400 [ERROR] [org.gradle.internal.buildevents.BuildExceptionReporter]   at org.gradle.internal.work.DefaultConditionalExecutionQueue$ExecutionRunner$1.run(DefaultConditionalExecutionQueue.java:169)
2025-09-05T00:53:50.762-0400 [ERROR] [org.gradle.internal.buildevents.BuildExceptionReporter]   at org.gradle.internal.Factories$1.create(Factories.java:31)     
2025-09-05T00:53:50.762-0400 [ERROR] [org.gradle.internal.buildevents.BuildExceptionReporter]   at org.gradle.internal.work.DefaultWorkerLeaseService.withLocks(DefaultWorkerLeaseService.java:263)
2025-09-05T00:53:50.762-0400 [ERROR] [org.gradle.internal.buildevents.BuildExceptionReporter]   at org.gradle.internal.work.DefaultWorkerLeaseService.runAsWorkerThread(DefaultWorkerLeaseService.java:127)
2025-09-05T00:53:50.762-0400 [ERROR] [org.gradle.internal.buildevents.BuildExceptionReporter]   at org.gradle.internal.work.DefaultWorkerLeaseService.runAsWorkerThread(DefaultWorkerLeaseService.java:132)
2025-09-05T00:53:50.762-0400 [ERROR] [org.gradle.internal.buildevents.BuildExceptionReporter]   at org.gradle.internal.work.DefaultConditionalExecutionQueue$ExecutionRunner.runBatch(DefaultConditionalExecutionQueue.java:164)
2025-09-05T00:53:50.763-0400 [ERROR] [org.gradle.internal.buildevents.BuildExceptionReporter]   at org.gradle.internal.work.DefaultConditionalExecutionQueue$ExecutionRunner.run(DefaultConditionalExecutionQueue.java:133)
2025-09-05T00:53:50.763-0400 [ERROR] [org.gradle.internal.buildevents.BuildExceptionReporter]   ... 2 more
2025-09-05T00:53:50.763-0400 [ERROR] [org.gradle.internal.buildevents.BuildExceptionReporter] Caused by: com.android.aaptcompiler.ResourceCompilationException: F
ailed to compile values resource file C:\Users\kravh\StudioProjects\bitchat-android\app\build\intermediates\incremental\debug\mergeDebugResources\merged.dir\values\values.xml
2025-09-05T00:53:50.763-0400 [ERROR] [org.gradle.internal.buildevents.BuildExceptionReporter]   at com.android.aaptcompiler.ResourceCompiler.compileTable(ResourceCompiler.kt:192)
2025-09-05T00:53:50.763-0400 [ERROR] [org.gradle.internal.buildevents.BuildExceptionReporter]   at com.android.aaptcompiler.ResourceCompiler.access$compileTable(ResourceCompiler.kt:1)
2025-09-05T00:53:50.763-0400 [ERROR] [org.gradle.internal.buildevents.BuildExceptionReporter]   at com.android.aaptcompiler.ResourceCompiler$getCompileMethod$1.invoke(ResourceCompiler.kt:138)
2025-09-05T00:53:50.763-0400 [ERROR] [org.gradle.internal.buildevents.BuildExceptionReporter]   at com.android.aaptcompiler.ResourceCompiler$getCompileMethod$1.invoke(ResourceCompiler.kt:138)
2025-09-05T00:53:50.763-0400 [ERROR] [org.gradle.internal.buildevents.BuildExceptionReporter]   at com.android.aaptcompiler.ResourceCompiler.compileResource(ResourceCompiler.kt:123)
2025-09-05T00:53:50.763-0400 [ERROR] [org.gradle.internal.buildevents.BuildExceptionReporter]   ... 31 more
2025-09-05T00:53:50.763-0400 [ERROR] [org.gradle.internal.buildevents.BuildExceptionReporter] Caused by: java.lang.IllegalStateException: Can not extract resource from com.android.aaptcompiler.ParsedResource@1f3a431e.
2025-09-05T00:53:50.763-0400 [ERROR] [org.gradle.internal.buildevents.BuildExceptionReporter]   at com.android.aaptcompiler.TableExtractor.extractResourceValues(TableExtractor.kt:270)
2025-09-05T00:53:50.763-0400 [ERROR] [org.gradle.internal.buildevents.BuildExceptionReporter]   at com.android.aaptcompiler.TableExtractor.extract(TableExtractor.kt:181)
2025-09-05T00:53:50.763-0400 [ERROR] [org.gradle.internal.buildevents.BuildExceptionReporter]   at com.android.aaptcompiler.ResourceCompiler.compileTable(ResourceCompiler.kt:188)
2025-09-05T00:53:50.763-0400 [ERROR] [org.gradle.internal.buildevents.BuildExceptionReporter]   ... 35 more
2025-09-05T00:53:50.763-0400 [ERROR] [org.gradle.internal.buildevents.BuildExceptionReporter]
2025-09-05T00:53:50.763-0400 [ERROR] [org.gradle.internal.buildevents.BuildResultLogger]
2025-09-05T00:53:50.763-0400 [ERROR] [org.gradle.internal.buildevents.BuildResultLogger] BUILD FAILED in 3s